This is pdfTeX, Version 3.141592653-2.6-1.40.28 (TeX Live 2025) (preloaded format=pdflatex 2025.7.22)  22 JUL 2025 17:36
entering extended mode
 restricted \write18 enabled.
 file:line:error style messages enabled.
 %&-line parsing enabled.
**/home/10354278/æ–‡æ¡£/Blogs/hbcui.github.io/_posts/2025-07-22/2025-07-22
(/home/10354278/æ–‡æ¡£/Blogs/hbcui.github.io/_posts/2025-07-22/2025-07-22.tex
LaTeX2e <2025-06-01> patch level 1
L3 programming layer <2025-07-19>
(/home/10354278/texlive/2025/texmf-dist/tex/latex/base/article.cls
Document Class: article 2025/01/22 v1.4n Standard LaTeX document class
(/home/10354278/texlive/2025/texmf-dist/tex/latex/base/size10.clo
File: size10.clo 2025/01/22 v1.4n Standard LaTeX file (size option)
)
\c@part=\count275
\c@section=\count276
\c@subsection=\count277
\c@subsubsection=\count278
\c@paragraph=\count279
\c@subparagraph=\count280
\c@figure=\count281
\c@table=\count282
\abovecaptionskip=\skip49
\belowcaptionskip=\skip50
\bibindent=\dimen148
) (/home/10354278/texlive/2025/texmf-dist/tex/latex/amsmath/amsmath.sty
Package: amsmath 2025/06/16 v2.17y AMS math features
\@mathmargin=\skip51

For additional information on amsmath, use the `?' option.
(/home/10354278/texlive/2025/texmf-dist/tex/latex/amsmath/amstext.sty
Package: amstext 2024/11/17 v2.01 AMS text
 (/home/10354278/texlive/2025/texmf-dist/tex/latex/amsmath/amsgen.sty
File: amsgen.sty 1999/11/30 v2.0 generic functions
\@emptytoks=\toks17
\ex@=\dimen149
)) (/home/10354278/texlive/2025/texmf-dist/tex/latex/amsmath/amsbsy.sty
Package: amsbsy 1999/11/29 v1.2d Bold Symbols
\pmbraise@=\dimen150
) (/home/10354278/texlive/2025/texmf-dist/tex/latex/amsmath/amsopn.sty
Package: amsopn 2022/04/08 v2.04 operator names
)
\inf@bad=\count283
LaTeX Info: Redefining \frac on input line 233.
\uproot@=\count284
\leftroot@=\count285
LaTeX Info: Redefining \overline on input line 398.
LaTeX Info: Redefining \colon on input line 409.
\classnum@=\count286
\DOTSCASE@=\count287
LaTeX Info: Redefining \ldots on input line 495.
LaTeX Info: Redefining \dots on input line 498.
LaTeX Info: Redefining \cdots on input line 619.
\Mathstrutbox@=\box53
\strutbox@=\box54
LaTeX Info: Redefining \big on input line 721.
LaTeX Info: Redefining \Big on input line 722.
LaTeX Info: Redefining \bigg on input line 723.
LaTeX Info: Redefining \Bigg on input line 724.
\big@size=\dimen151
LaTeX Font Info:    Redeclaring font encoding OML on input line 742.
LaTeX Font Info:    Redeclaring font encoding OMS on input line 743.
\macc@depth=\count288
LaTeX Info: Redefining \bmod on input line 904.
LaTeX Info: Redefining \pmod on input line 909.
LaTeX Info: Redefining \smash on input line 939.
LaTeX Info: Redefining \relbar on input line 969.
LaTeX Info: Redefining \Relbar on input line 970.
\c@MaxMatrixCols=\count289
\dotsspace@=\muskip17
\c@parentequation=\count290
\dspbrk@lvl=\count291
\tag@help=\toks18
\row@=\count292
\column@=\count293
\maxfields@=\count294
\andhelp@=\toks19
\eqnshift@=\dimen152
\alignsep@=\dimen153
\tagshift@=\dimen154
\tagwidth@=\dimen155
\totwidth@=\dimen156
\lineht@=\dimen157
\@envbody=\toks20
\multlinegap=\skip52
\multlinetaggap=\skip53
\mathdisplay@stack=\toks21
LaTeX Info: Redefining \[ on input line 2949.
LaTeX Info: Redefining \] on input line 2950.
) (/home/10354278/texlive/2025/texmf-dist/tex/latex/amsfonts/amssymb.sty
Package: amssymb 2013/01/14 v3.01 AMS font symbols
 (/home/10354278/texlive/2025/texmf-dist/tex/latex/amsfonts/amsfonts.sty
Package: amsfonts 2013/01/14 v3.01 Basic AMSFonts support
\symAMSa=\mathgroup4
\symAMSb=\mathgroup5
LaTeX Font Info:    Redeclaring math symbol \hbar on input line 98.
LaTeX Font Info:    Overwriting math alphabet `\mathfrak' in version `bold'
(Font)                  U/euf/m/n --> U/euf/b/n on input line 106.
)) (/home/10354278/texlive/2025/texmf-dist/tex/latex/amscls/amsthm.sty
Package: amsthm 2020/05/29 v2.20.6
\thm@style=\toks22
\thm@bodyfont=\toks23
\thm@headfont=\toks24
\thm@notefont=\toks25
\thm@headpunct=\toks26
\thm@preskip=\skip54
\thm@postskip=\skip55
\thm@headsep=\skip56
\dth@everypar=\toks27
) (/home/10354278/texlive/2025/texmf-dist/tex/latex/amsmath/amscd.sty
Package: amscd 2017/04/14 v2.1 AMS Commutative Diagrams
\athelp@=\toks28
\minaw@=\dimen158
\bigaw@=\dimen159
\minCDarrowwidth=\dimen160
) (/home/10354278/texlive/2025/texmf-dist/tex/xelatex/xecjk/xeCJK.sty (/home/10354278/texlive/2025/texmf-dist/tex/latex/l3kernel/expl3.sty
Package: expl3 2025-07-19 L3 programming layer (loader) 
 (/home/10354278/texlive/2025/texmf-dist/tex/latex/l3backend/l3backend-pdftex.def
File: l3backend-pdftex.def 2025-06-09 L3 backend support: PDF output (pdfTeX)
\l__color_backend_stack_int=\count295
))
Package: xeCJK 2022/08/05 v3.9.1 Typesetting CJK scripts with XeLaTeX


/home/10354278/texlive/2025/texmf-dist/tex/xelatex/xecjk/xeCJK.sty:43: Critical Package xeCJK Error: The xeCJK package requires XeTeX to function.
(xeCJK)                         
(xeCJK)                         You must change your typesetting engine to
(xeCJK)                         "xelatex"
(xeCJK)                         instead of plain "latex" or "pdflatex" or
(xeCJK)                         "lualatex".
(xeCJK)                         Loading xeCJK will abort!

Type <return> to continue.
 ...                                              
                                                  
l.43 ..._critical:nn { xeCJK } { Require-XeTeX } }
                                                  

LaTeX does not know anything more about this error, sorry.

Try typing <return> to proceed.
If that doesn't work, type X <return> to quit.

Reading the current file 'xeCJK' will stop.


)
/home/10354278/æ–‡æ¡£/Blogs/hbcui.github.io/_posts/2025-07-22/2025-07-22.tex:15: Undefined control sequence.
<recently read> \setCJKmainfont 
                                
l.15 \setCJKmainfont
                    [
The control sequence at the end of the top line
of your error message was never \def'ed. If you have
misspelled it (e.g., `\hobx'), type `I' and the correct
spelling (e.g., `I\hbox'). Otherwise just continue,
and I'll forget about whatever was undefined.


/home/10354278/æ–‡æ¡£/Blogs/hbcui.github.io/_posts/2025-07-22/2025-07-22.tex:15: LaTeX Error: Missing \begin{document}.

See the LaTeX manual or LaTeX Companion for explanation.
Type  H <return>  for immediate help.
 ...                                              
                                                  
l.15 \setCJKmainfont[
                     
You're in trouble here.  Try typing  <return>  to proceed.
If that doesn't work, type  X <return>  to quit.


/home/10354278/æ–‡æ¡£/Blogs/hbcui.github.io/_posts/2025-07-22/2025-07-22.tex:16: LaTeX Error: Unicode character æ±‰ (U+6C49)
               not set up for use with LaTeX.

See the LaTeX manual or LaTeX Companion for explanation.
Type  H <return>  for immediate help.
 ...                                              
                                                  
l.16     BoldFont={æ±‰
                      ä»ªä¸­å®‹ç®€},
You may provide a definition with
\DeclareUnicodeCharacter 


/home/10354278/æ–‡æ¡£/Blogs/hbcui.github.io/_posts/2025-07-22/2025-07-22.tex:16: LaTeX Error: Unicode character ä»ª (U+4EEA)
               not set up for use with LaTeX.

See the LaTeX manual or LaTeX Companion for explanation.
Type  H <return>  for immediate help.
 ...                                              
                                                  
l.16     BoldFont={æ±‰ä»ª
                         ä¸­å®‹ç®€},
You may provide a definition with
\DeclareUnicodeCharacter 


/home/10354278/æ–‡æ¡£/Blogs/hbcui.github.io/_posts/2025-07-22/2025-07-22.tex:16: LaTeX Error: Unicode character ä¸­ (U+4E2D)
               not set up for use with LaTeX.

See the LaTeX manual or LaTeX Companion for explanation.
Type  H <return>  for immediate help.
 ...                                              
                                                  
l.16     BoldFont={æ±‰ä»ªä¸­
                            å®‹ç®€},
You may provide a definition with
\DeclareUnicodeCharacter 


/home/10354278/æ–‡æ¡£/Blogs/hbcui.github.io/_posts/2025-07-22/2025-07-22.tex:16: LaTeX Error: Unicode character å®‹ (U+5B8B)
               not set up for use with LaTeX.

See the LaTeX manual or LaTeX Companion for explanation.
Type  H <return>  for immediate help.
 ...                                              
                                                  
l.16     BoldFont={æ±‰ä»ªä¸­å®‹
                               ç®€},
You may provide a definition with
\DeclareUnicodeCharacter 


/home/10354278/æ–‡æ¡£/Blogs/hbcui.github.io/_posts/2025-07-22/2025-07-22.tex:16: LaTeX Error: Unicode character ç®€ (U+7B80)
               not set up for use with LaTeX.

See the LaTeX manual or LaTeX Companion for explanation.
Type  H <return>  for immediate help.
 ...                                              
                                                  
l.16     BoldFont={æ±‰ä»ªä¸­å®‹ç®€
                                  },
You may provide a definition with
\DeclareUnicodeCharacter 


/home/10354278/æ–‡æ¡£/Blogs/hbcui.github.io/_posts/2025-07-22/2025-07-22.tex:17: LaTeX Error: Unicode character æ±‰ (U+6C49)
               not set up for use with LaTeX.

See the LaTeX manual or LaTeX Companion for explanation.
Type  H <return>  for immediate help.
 ...                                              
                                                  
l.17     ItalicFont={æ±‰
                        ä»ªä¸­å®‹ç®€}
You may provide a definition with
\DeclareUnicodeCharacter 


/home/10354278/æ–‡æ¡£/Blogs/hbcui.github.io/_posts/2025-07-22/2025-07-22.tex:17: LaTeX Error: Unicode character ä»ª (U+4EEA)
               not set up for use with LaTeX.

See the LaTeX manual or LaTeX Companion for explanation.
Type  H <return>  for immediate help.
 ...                                              
                                                  
l.17     ItalicFont={æ±‰ä»ª
                           ä¸­å®‹ç®€}
You may provide a definition with
\DeclareUnicodeCharacter 


/home/10354278/æ–‡æ¡£/Blogs/hbcui.github.io/_posts/2025-07-22/2025-07-22.tex:17: LaTeX Error: Unicode character ä¸­ (U+4E2D)
               not set up for use with LaTeX.

See the LaTeX manual or LaTeX Companion for explanation.
Type  H <return>  for immediate help.
 ...                                              
                                                  
l.17     ItalicFont={æ±‰ä»ªä¸­
                              å®‹ç®€}
You may provide a definition with
\DeclareUnicodeCharacter 


/home/10354278/æ–‡æ¡£/Blogs/hbcui.github.io/_posts/2025-07-22/2025-07-22.tex:17: LaTeX Error: Unicode character å®‹ (U+5B8B)
               not set up for use with LaTeX.

See the LaTeX manual or LaTeX Companion for explanation.
Type  H <return>  for immediate help.
 ...                                              
                                                  
l.17     ItalicFont={æ±‰ä»ªä¸­å®‹
                                 ç®€}
You may provide a definition with
\DeclareUnicodeCharacter 


/home/10354278/æ–‡æ¡£/Blogs/hbcui.github.io/_posts/2025-07-22/2025-07-22.tex:17: LaTeX Error: Unicode character ç®€ (U+7B80)
               not set up for use with LaTeX.

See the LaTeX manual or LaTeX Companion for explanation.
Type  H <return>  for immediate help.
 ...                                              
                                                  
l.17     ItalicFont={æ±‰ä»ªä¸­å®‹ç®€
                                    }
You may provide a definition with
\DeclareUnicodeCharacter 


/home/10354278/æ–‡æ¡£/Blogs/hbcui.github.io/_posts/2025-07-22/2025-07-22.tex:18: LaTeX Error: Unicode character æ±‰ (U+6C49)
               not set up for use with LaTeX.

See the LaTeX manual or LaTeX Companion for explanation.
Type  H <return>  for immediate help.
 ...                                              
                                                  
l.18 ]{æ±‰
          ä»ªä¸­å®‹ç®€}  % è®¾ç½®ä¸­æ–‡ä¸»å­—ä½“ä¸ºæ¥·ä½“/KaiTiï¼Œè¿™æ ·æ­£æ...
You may provide a definition with
\DeclareUnicodeCharacter 


/home/10354278/æ–‡æ¡£/Blogs/hbcui.github.io/_posts/2025-07-22/2025-07-22.tex:18: LaTeX Error: Unicode character ä»ª (U+4EEA)
               not set up for use with LaTeX.

See the LaTeX manual or LaTeX Companion for explanation.
Type  H <return>  for immediate help.
 ...                                              
                                                  
l.18 ]{æ±‰ä»ª
             ä¸­å®‹ç®€}  % è®¾ç½®ä¸­æ–‡ä¸»å­—ä½“ä¸ºæ¥·ä½“/KaiTiï¼Œè¿™æ ·æ­£æ...
You may provide a definition with
\DeclareUnicodeCharacter 


/home/10354278/æ–‡æ¡£/Blogs/hbcui.github.io/_posts/2025-07-22/2025-07-22.tex:18: LaTeX Error: Unicode character ä¸­ (U+4E2D)
               not set up for use with LaTeX.

See the LaTeX manual or LaTeX Companion for explanation.
Type  H <return>  for immediate help.
 ...                                              
                                                  
l.18 ]{æ±‰ä»ªä¸­
                å®‹ç®€}  % è®¾ç½®ä¸­æ–‡ä¸»å­—ä½“ä¸ºæ¥·ä½“/KaiTiï¼Œè¿™æ ·æ­£æ...
You may provide a definition with
\DeclareUnicodeCharacter 


/home/10354278/æ–‡æ¡£/Blogs/hbcui.github.io/_posts/2025-07-22/2025-07-22.tex:18: LaTeX Error: Unicode character å®‹ (U+5B8B)
               not set up for use with LaTeX.

See the LaTeX manual or LaTeX Companion for explanation.
Type  H <return>  for immediate help.
 ...                                              
                                                  
l.18 ]{æ±‰ä»ªä¸­å®‹
                   ç®€}  % è®¾ç½®ä¸­æ–‡ä¸»å­—ä½“ä¸ºæ¥·ä½“/KaiTiï¼Œè¿™æ ·æ­£æ...
You may provide a definition with
\DeclareUnicodeCharacter 


/home/10354278/æ–‡æ¡£/Blogs/hbcui.github.io/_posts/2025-07-22/2025-07-22.tex:18: LaTeX Error: Unicode character ç®€ (U+7B80)
               not set up for use with LaTeX.

See the LaTeX manual or LaTeX Companion for explanation.
Type  H <return>  for immediate help.
 ...                                              
                                                  
l.18 ]{æ±‰ä»ªä¸­å®‹ç®€
                      }  % è®¾ç½®ä¸­æ–‡ä¸»å­—ä½“ä¸ºæ¥·ä½“/KaiTiï¼Œè¿™æ ·æ­£æ...
You may provide a definition with
\DeclareUnicodeCharacter 

(./2025-07-22.aux)
\openout1 = `2025-07-22.aux'.

LaTeX Font Info:    Checking defaults for OML/cmm/m/it on input line 25.
LaTeX Font Info:    ... okay on input line 25.
LaTeX Font Info:    Checking defaults for OMS/cmsy/m/n on input line 25.
LaTeX Font Info:    ... okay on input line 25.
LaTeX Font Info:    Checking defaults for OT1/cmr/m/n on input line 25.
LaTeX Font Info:    ... okay on input line 25.
LaTeX Font Info:    Checking defaults for T1/cmr/m/n on input line 25.
LaTeX Font Info:    ... okay on input line 25.
LaTeX Font Info:    Checking defaults for TS1/cmr/m/n on input line 25.
LaTeX Font Info:    ... okay on input line 25.
LaTeX Font Info:    Checking defaults for OMX/cmex/m/n on input line 25.
LaTeX Font Info:    ... okay on input line 25.
LaTeX Font Info:    Checking defaults for U/cmr/m/n on input line 25.
LaTeX Font Info:    ... okay on input line 25.


[1

{/home/10354278/texlive/2025/texmf-var/fonts/map/pdftex/updmap/pdftex.map}]

/home/10354278/æ–‡æ¡£/Blogs/hbcui.github.io/_posts/2025-07-22/2025-07-22.tex:27: LaTeX Error: Unicode character åŠ  (U+52A0)
               not set up for use with LaTeX.

See the LaTeX manual or LaTeX Companion for explanation.
Type  H <return>  for immediate help.
 ...                                              
                                                  
l.27 \maketitle
               
You may provide a definition with
\DeclareUnicodeCharacter 


/home/10354278/æ–‡æ¡£/Blogs/hbcui.github.io/_posts/2025-07-22/2025-07-22.tex:27: LaTeX Error: Unicode character å¼º (U+5F3A)
               not set up for use with LaTeX.

See the LaTeX manual or LaTeX Companion for explanation.
Type  H <return>  for immediate help.
 ...                                              
                                                  
l.27 \maketitle
               
You may provide a definition with
\DeclareUnicodeCharacter 


/home/10354278/æ–‡æ¡£/Blogs/hbcui.github.io/_posts/2025-07-22/2025-07-22.tex:27: LaTeX Error: Unicode character è¯† (U+8BC6)
               not set up for use with LaTeX.

See the LaTeX manual or LaTeX Companion for explanation.
Type  H <return>  for immediate help.
 ...                                              
                                                  
l.27 \maketitle
               
You may provide a definition with
\DeclareUnicodeCharacter 


/home/10354278/æ–‡æ¡£/Blogs/hbcui.github.io/_posts/2025-07-22/2025-07-22.tex:27: LaTeX Error: Unicode character åˆ« (U+522B)
               not set up for use with LaTeX.

See the LaTeX manual or LaTeX Companion for explanation.
Type  H <return>  for immediate help.
 ...                                              
                                                  
l.27 \maketitle
               
You may provide a definition with
\DeclareUnicodeCharacter 


/home/10354278/æ–‡æ¡£/Blogs/hbcui.github.io/_posts/2025-07-22/2025-07-22.tex:27: LaTeX Error: Unicode character è§„ (U+89C4)
               not set up for use with LaTeX.

See the LaTeX manual or LaTeX Companion for explanation.
Type  H <return>  for immediate help.
 ...                                              
                                                  
l.27 \maketitle
               
You may provide a definition with
\DeclareUnicodeCharacter 


/home/10354278/æ–‡æ¡£/Blogs/hbcui.github.io/_posts/2025-07-22/2025-07-22.tex:27: LaTeX Error: Unicode character åˆ™ (U+5219)
               not set up for use with LaTeX.

See the LaTeX manual or LaTeX Companion for explanation.
Type  H <return>  for immediate help.
 ...                                              
                                                  
l.27 \maketitle
               
You may provide a definition with
\DeclareUnicodeCharacter 


/home/10354278/æ–‡æ¡£/Blogs/hbcui.github.io/_posts/2025-07-22/2025-07-22.tex:27: LaTeX Error: Unicode character ï¼Œ (U+FF0C)
               not set up for use with LaTeX.

See the LaTeX manual or LaTeX Companion for explanation.
Type  H <return>  for immediate help.
 ...                                              
                                                  
l.27 \maketitle
               
You may provide a definition with
\DeclareUnicodeCharacter 


/home/10354278/æ–‡æ¡£/Blogs/hbcui.github.io/_posts/2025-07-22/2025-07-22.tex:27: LaTeX Error: Unicode character å¢ (U+589E)
               not set up for use with LaTeX.

See the LaTeX manual or LaTeX Companion for explanation.
Type  H <return>  for immediate help.
 ...                                              
                                                  
l.27 \maketitle
               
You may provide a definition with
\DeclareUnicodeCharacter 


/home/10354278/æ–‡æ¡£/Blogs/hbcui.github.io/_posts/2025-07-22/2025-07-22.tex:27: LaTeX Error: Unicode character åŠ  (U+52A0)
               not set up for use with LaTeX.

See the LaTeX manual or LaTeX Companion for explanation.
Type  H <return>  for immediate help.
 ...                                              
                                                  
l.27 \maketitle
               
You may provide a definition with
\DeclareUnicodeCharacter 


/home/10354278/æ–‡æ¡£/Blogs/hbcui.github.io/_posts/2025-07-22/2025-07-22.tex:27: LaTeX Error: Unicode character ç»Ÿ (U+7EDF)
               not set up for use with LaTeX.

See the LaTeX manual or LaTeX Companion for explanation.
Type  H <return>  for immediate help.
 ...                                              
                                                  
l.27 \maketitle
               
You may provide a definition with
\DeclareUnicodeCharacter 


/home/10354278/æ–‡æ¡£/Blogs/hbcui.github.io/_posts/2025-07-22/2025-07-22.tex:27: LaTeX Error: Unicode character è®¡ (U+8BA1)
               not set up for use with LaTeX.

See the LaTeX manual or LaTeX Companion for explanation.
Type  H <return>  for immediate help.
 ...                                              
                                                  
l.27 \maketitle
               
You may provide a definition with
\DeclareUnicodeCharacter 


/home/10354278/æ–‡æ¡£/Blogs/hbcui.github.io/_posts/2025-07-22/2025-07-22.tex:27: LaTeX Error: Unicode character æŒ‡ (U+6307)
               not set up for use with LaTeX.

See the LaTeX manual or LaTeX Companion for explanation.
Type  H <return>  for immediate help.
 ...                                              
                                                  
l.27 \maketitle
               
You may provide a definition with
\DeclareUnicodeCharacter 


/home/10354278/æ–‡æ¡£/Blogs/hbcui.github.io/_posts/2025-07-22/2025-07-22.tex:27: LaTeX Error: Unicode character æ ‡ (U+6807)
               not set up for use with LaTeX.

See the LaTeX manual or LaTeX Companion for explanation.
Type  H <return>  for immediate help.
 ...                                              
                                                  
l.27 \maketitle
               
You may provide a definition with
\DeclareUnicodeCharacter 

LaTeX Font Info:    Trying to load font information for U+msa on input line 27.
(/home/10354278/texlive/2025/texmf-dist/tex/latex/amsfonts/umsa.fd
File: umsa.fd 2013/01/14 v3.01 AMS symbols A
)
LaTeX Font Info:    Trying to load font information for U+msb on input line 27.
 (/home/10354278/texlive/2025/texmf-dist/tex/latex/amsfonts/umsb.fd
File: umsb.fd 2013/01/14 v3.01 AMS symbols B
)

/home/10354278/æ–‡æ¡£/Blogs/hbcui.github.io/_posts/2025-07-22/2025-07-22.tex:27: LaTeX Error: Unicode character ï¼ˆ (U+FF08)
               not set up for use with LaTeX.

See the LaTeX manual or LaTeX Companion for explanation.
Type  H <return>  for immediate help.
 ...                                              
                                                  
l.27 \maketitle
               
You may provide a definition with
\DeclareUnicodeCharacter 


/home/10354278/æ–‡æ¡£/Blogs/hbcui.github.io/_posts/2025-07-22/2025-07-22.tex:27: LaTeX Error: Unicode character å¹´ (U+5E74)
               not set up for use with LaTeX.

See the LaTeX manual or LaTeX Companion for explanation.
Type  H <return>  for immediate help.
 ...                                              
                                                  
l.27 \maketitle
               
You may provide a definition with
\DeclareUnicodeCharacter 


/home/10354278/æ–‡æ¡£/Blogs/hbcui.github.io/_posts/2025-07-22/2025-07-22.tex:27: LaTeX Error: Unicode character ã€ (U+3001)
               not set up for use with LaTeX.

See the LaTeX manual or LaTeX Companion for explanation.
Type  H <return>  for immediate help.
 ...                                              
                                                  
l.27 \maketitle
               
You may provide a definition with
\DeclareUnicodeCharacter 


/home/10354278/æ–‡æ¡£/Blogs/hbcui.github.io/_posts/2025-07-22/2025-07-22.tex:27: LaTeX Error: Unicode character æœˆ (U+6708)
               not set up for use with LaTeX.

See the LaTeX manual or LaTeX Companion for explanation.
Type  H <return>  for immediate help.
 ...                                              
                                                  
l.27 \maketitle
               
You may provide a definition with
\DeclareUnicodeCharacter 


/home/10354278/æ–‡æ¡£/Blogs/hbcui.github.io/_posts/2025-07-22/2025-07-22.tex:27: LaTeX Error: Unicode character ã€ (U+3001)
               not set up for use with LaTeX.

See the LaTeX manual or LaTeX Companion for explanation.
Type  H <return>  for immediate help.
 ...                                              
                                                  
l.27 \maketitle
               
You may provide a definition with
\DeclareUnicodeCharacter 


/home/10354278/æ–‡æ¡£/Blogs/hbcui.github.io/_posts/2025-07-22/2025-07-22.tex:27: LaTeX Error: Unicode character æ—¥ (U+65E5)
               not set up for use with LaTeX.

See the LaTeX manual or LaTeX Companion for explanation.
Type  H <return>  for immediate help.
 ...                                              
                                                  
l.27 \maketitle
               
You may provide a definition with
\DeclareUnicodeCharacter 


/home/10354278/æ–‡æ¡£/Blogs/hbcui.github.io/_posts/2025-07-22/2025-07-22.tex:27: LaTeX Error: Unicode character ï¼‰ (U+FF09)
               not set up for use with LaTeX.

See the LaTeX manual or LaTeX Companion for explanation.
Type  H <return>  for immediate help.
 ...                                              
                                                  
l.27 \maketitle
               
You may provide a definition with
\DeclareUnicodeCharacter 


/home/10354278/æ–‡æ¡£/Blogs/hbcui.github.io/_posts/2025-07-22/2025-07-22.tex:29: LaTeX Error: Unicode character å (U+534F)
               not set up for use with LaTeX.

See the LaTeX manual or LaTeX Companion for explanation.
Type  H <return>  for immediate help.
 ...                                              
                                                  
l.29 å
        è®®è¯†åˆ«è§„åˆ™åŠ å¼º
You may provide a definition with
\DeclareUnicodeCharacter 


/home/10354278/æ–‡æ¡£/Blogs/hbcui.github.io/_posts/2025-07-22/2025-07-22.tex:29: LaTeX Error: Unicode character è®® (U+8BAE)
               not set up for use with LaTeX.

See the LaTeX manual or LaTeX Companion for explanation.
Type  H <return>  for immediate help.
 ...                                              
                                                  
l.29 åè®®
           è¯†åˆ«è§„åˆ™åŠ å¼º
You may provide a definition with
\DeclareUnicodeCharacter 


/home/10354278/æ–‡æ¡£/Blogs/hbcui.github.io/_posts/2025-07-22/2025-07-22.tex:29: LaTeX Error: Unicode character è¯† (U+8BC6)
               not set up for use with LaTeX.

See the LaTeX manual or LaTeX Companion for explanation.
Type  H <return>  for immediate help.
 ...                                              
                                                  
l.29 åè®®è¯†
              åˆ«è§„åˆ™åŠ å¼º
You may provide a definition with
\DeclareUnicodeCharacter 


/home/10354278/æ–‡æ¡£/Blogs/hbcui.github.io/_posts/2025-07-22/2025-07-22.tex:29: LaTeX Error: Unicode character åˆ« (U+522B)
               not set up for use with LaTeX.

See the LaTeX manual or LaTeX Companion for explanation.
Type  H <return>  for immediate help.
 ...                                              
                                                  
l.29 åè®®è¯†åˆ«
                 è§„åˆ™åŠ å¼º
You may provide a definition with
\DeclareUnicodeCharacter 


/home/10354278/æ–‡æ¡£/Blogs/hbcui.github.io/_posts/2025-07-22/2025-07-22.tex:29: LaTeX Error: Unicode character è§„ (U+89C4)
               not set up for use with LaTeX.

See the LaTeX manual or LaTeX Companion for explanation.
Type  H <return>  for immediate help.
 ...                                              
                                                  
l.29 åè®®è¯†åˆ«è§„
                    åˆ™åŠ å¼º
You may provide a definition with
\DeclareUnicodeCharacter 


/home/10354278/æ–‡æ¡£/Blogs/hbcui.github.io/_posts/2025-07-22/2025-07-22.tex:29: LaTeX Error: Unicode character åˆ™ (U+5219)
               not set up for use with LaTeX.

See the LaTeX manual or LaTeX Companion for explanation.
Type  H <return>  for immediate help.
 ...                                              
                                                  
l.29 åè®®è¯†åˆ«è§„åˆ™
                       åŠ å¼º
You may provide a definition with
\DeclareUnicodeCharacter 


/home/10354278/æ–‡æ¡£/Blogs/hbcui.github.io/_posts/2025-07-22/2025-07-22.tex:29: LaTeX Error: Unicode character åŠ  (U+52A0)
               not set up for use with LaTeX.

See the LaTeX manual or LaTeX Companion for explanation.
Type  H <return>  for immediate help.
 ...                                              
                                                  
l.29 åè®®è¯†åˆ«è§„åˆ™åŠ 
                          å¼º
You may provide a definition with
\DeclareUnicodeCharacter 


/home/10354278/æ–‡æ¡£/Blogs/hbcui.github.io/_posts/2025-07-22/2025-07-22.tex:29: LaTeX Error: Unicode character å¼º (U+5F3A)
               not set up for use with LaTeX.

See the LaTeX manual or LaTeX Companion for explanation.
Type  H <return>  for immediate help.
 ...                                              
                                                  
l.29 åè®®è¯†åˆ«è§„åˆ™åŠ å¼º
                             
You may provide a definition with
\DeclareUnicodeCharacter 


/home/10354278/æ–‡æ¡£/Blogs/hbcui.github.io/_posts/2025-07-22/2025-07-22.tex:31: LaTeX Error: Unicode character é’ˆ (U+9488)
               not set up for use with LaTeX.

See the LaTeX manual or LaTeX Companion for explanation.
Type  H <return>  for immediate help.
 ...                                              
                                                  
l.31     \item é’ˆ
                  å¯¹éƒ¨åˆ†åè®®ï¼ˆSMTP/POP3/IMAPç­‰é‚®ä»¶åè®®ï¼‰ç»†åŒ–pa...
You may provide a definition with
\DeclareUnicodeCharacter 


/home/10354278/æ–‡æ¡£/Blogs/hbcui.github.io/_posts/2025-07-22/2025-07-22.tex:31: LaTeX Error: Unicode character å¯¹ (U+5BF9)
               not set up for use with LaTeX.

See the LaTeX manual or LaTeX Companion for explanation.
Type  H <return>  for immediate help.
 ...                                              
                                                  
l.31     \item é’ˆå¯¹
                     éƒ¨åˆ†åè®®ï¼ˆSMTP/POP3/IMAPç­‰é‚®ä»¶åè®®ï¼‰ç»†åŒ–pa...
You may provide a definition with
\DeclareUnicodeCharacter 


/home/10354278/æ–‡æ¡£/Blogs/hbcui.github.io/_posts/2025-07-22/2025-07-22.tex:31: LaTeX Error: Unicode character éƒ¨ (U+90E8)
               not set up for use with LaTeX.

See the LaTeX manual or LaTeX Companion for explanation.
Type  H <return>  for immediate help.
 ...                                              
                                                  
l.31     \item é’ˆå¯¹éƒ¨
                        åˆ†åè®®ï¼ˆSMTP/POP3/IMAPç­‰é‚®ä»¶åè®®ï¼‰ç»†åŒ–pa...
You may provide a definition with
\DeclareUnicodeCharacter 


/home/10354278/æ–‡æ¡£/Blogs/hbcui.github.io/_posts/2025-07-22/2025-07-22.tex:31: LaTeX Error: Unicode character åˆ† (U+5206)
               not set up for use with LaTeX.

See the LaTeX manual or LaTeX Companion for explanation.
Type  H <return>  for immediate help.
 ...                                              
                                                  
l.31     \item é’ˆå¯¹éƒ¨åˆ†
                           åè®®ï¼ˆSMTP/POP3/IMAPç­‰é‚®ä»¶åè®®ï¼‰ç»†åŒ–pa...
You may provide a definition with
\DeclareUnicodeCharacter 


/home/10354278/æ–‡æ¡£/Blogs/hbcui.github.io/_posts/2025-07-22/2025-07-22.tex:31: LaTeX Error: Unicode character å (U+534F)
               not set up for use with LaTeX.

See the LaTeX manual or LaTeX Companion for explanation.
Type  H <return>  for immediate help.
 ...                                              
                                                  
l.31     \item é’ˆå¯¹éƒ¨åˆ†å
                              è®®ï¼ˆSMTP/POP3/IMAPç­‰é‚®ä»¶åè®®ï¼‰ç»†åŒ–pa...
You may provide a definition with
\DeclareUnicodeCharacter 


/home/10354278/æ–‡æ¡£/Blogs/hbcui.github.io/_posts/2025-07-22/2025-07-22.tex:31: LaTeX Error: Unicode character è®® (U+8BAE)
               not set up for use with LaTeX.

See the LaTeX manual or LaTeX Companion for explanation.
Type  H <return>  for immediate help.
 ...                                              
                                                  
l.31     \item é’ˆå¯¹éƒ¨åˆ†åè®®
                                 ï¼ˆSMTP/POP3/IMAPç­‰é‚®ä»¶åè®®ï¼‰ç»†åŒ–pa...
You may provide a definition with
\DeclareUnicodeCharacter 


/home/10354278/æ–‡æ¡£/Blogs/hbcui.github.io/_posts/2025-07-22/2025-07-22.tex:31: LaTeX Error: Unicode character ï¼ˆ (U+FF08)
               not set up for use with LaTeX.

See the LaTeX manual or LaTeX Companion for explanation.
Type  H <return>  for immediate help.
 ...                                              
                                                  
l.31     \item é’ˆå¯¹éƒ¨åˆ†åè®®ï¼ˆ
                                    SMTP/POP3/IMAPç­‰é‚®ä»¶åè®®ï¼‰ç»†åŒ–pa...
You may provide a definition with
\DeclareUnicodeCharacter 


/home/10354278/æ–‡æ¡£/Blogs/hbcui.github.io/_posts/2025-07-22/2025-07-22.tex:31: LaTeX Error: Unicode character ç­‰ (U+7B49)
               not set up for use with LaTeX.

See the LaTeX manual or LaTeX Companion for explanation.
Type  H <return>  for immediate help.
 ...                                              
                                                  
l.31 ...tem é’ˆå¯¹éƒ¨åˆ†åè®®ï¼ˆSMTP/POP3/IMAPç­‰
                                                  é‚®ä»¶åè®®ï¼‰ç»†åŒ–paylo...
You may provide a definition with
\DeclareUnicodeCharacter 


/home/10354278/æ–‡æ¡£/Blogs/hbcui.github.io/_posts/2025-07-22/2025-07-22.tex:31: LaTeX Error: Unicode character é‚® (U+90AE)
               not set up for use with LaTeX.

See the LaTeX manual or LaTeX Companion for explanation.
Type  H <return>  for immediate help.
 ...                                              
                                                  
l.31 ... é’ˆå¯¹éƒ¨åˆ†åè®®ï¼ˆSMTP/POP3/IMAPç­‰é‚®
                                                  ä»¶åè®®ï¼‰ç»†åŒ–payloadç...
You may provide a definition with
\DeclareUnicodeCharacter 


/home/10354278/æ–‡æ¡£/Blogs/hbcui.github.io/_posts/2025-07-22/2025-07-22.tex:31: LaTeX Error: Unicode character ä»¶ (U+4EF6)
               not set up for use with LaTeX.

See the LaTeX manual or LaTeX Companion for explanation.
Type  H <return>  for immediate help.
 ...                                              
                                                  
l.31 ...ˆå¯¹éƒ¨åˆ†åè®®ï¼ˆSMTP/POP3/IMAPç­‰é‚®ä»¶
                                                  åè®®ï¼‰ç»†åŒ–payloadç‰¹å...
You may provide a definition with
\DeclareUnicodeCharacter 


/home/10354278/æ–‡æ¡£/Blogs/hbcui.github.io/_posts/2025-07-22/2025-07-22.tex:31: LaTeX Error: Unicode character å (U+534F)
               not set up for use with LaTeX.

See the LaTeX manual or LaTeX Companion for explanation.
Type  H <return>  for immediate help.
 ...                                              
                                                  
l.31 ...¹éƒ¨åˆ†åè®®ï¼ˆSMTP/POP3/IMAPç­‰é‚®ä»¶å
                                                  è®®ï¼‰ç»†åŒ–payloadç‰¹å¾è...
You may provide a definition with
\DeclareUnicodeCharacter 


/home/10354278/æ–‡æ¡£/Blogs/hbcui.github.io/_posts/2025-07-22/2025-07-22.tex:31: LaTeX Error: Unicode character è®® (U+8BAE)
               not set up for use with LaTeX.

See the LaTeX manual or LaTeX Companion for explanation.
Type  H <return>  for immediate help.
 ...                                              
                                                  
l.31 ...¨åˆ†åè®®ï¼ˆSMTP/POP3/IMAPç­‰é‚®ä»¶åè®®
                                                  ï¼‰ç»†åŒ–payloadç‰¹å¾è¯†å...
You may provide a definition with
\DeclareUnicodeCharacter 


/home/10354278/æ–‡æ¡£/Blogs/hbcui.github.io/_posts/2025-07-22/2025-07-22.tex:31: LaTeX Error: Unicode character ï¼‰ (U+FF09)
               not set up for use with LaTeX.

See the LaTeX manual or LaTeX Companion for explanation.
Type  H <return>  for immediate help.
 ...                                              
                                                  
l.31 ...†åè®®ï¼ˆSMTP/POP3/IMAPç­‰é‚®ä»¶åè®®ï¼‰
                                                  ç»†åŒ–payloadç‰¹å¾è¯†åˆ«ã€‚
You may provide a definition with
\DeclareUnicodeCharacter 


/home/10354278/æ–‡æ¡£/Blogs/hbcui.github.io/_posts/2025-07-22/2025-07-22.tex:31: LaTeX Error: Unicode character ç»† (U+7EC6)
               not set up for use with LaTeX.

See the LaTeX manual or LaTeX Companion for explanation.
Type  H <return>  for immediate help.
 ...                                              
                                                  
l.31 ...è®®ï¼ˆSMTP/POP3/IMAPç­‰é‚®ä»¶åè®®ï¼‰ç»†
                                                  åŒ–payloadç‰¹å¾è¯†åˆ«ã€‚
You may provide a definition with
\DeclareUnicodeCharacter 


/home/10354278/æ–‡æ¡£/Blogs/hbcui.github.io/_posts/2025-07-22/2025-07-22.tex:31: LaTeX Error: Unicode character åŒ– (U+5316)
               not set up for use with LaTeX.

See the LaTeX manual or LaTeX Companion for explanation.
Type  H <return>  for immediate help.
 ...                                              
                                                  
l.31 ...®ï¼ˆSMTP/POP3/IMAPç­‰é‚®ä»¶åè®®ï¼‰ç»†åŒ–
                                                  payloadç‰¹å¾è¯†åˆ«ã€‚
You may provide a definition with
\DeclareUnicodeCharacter 


/home/10354278/æ–‡æ¡£/Blogs/hbcui.github.io/_posts/2025-07-22/2025-07-22.tex:31: LaTeX Error: Unicode character ç‰¹ (U+7279)
               not set up for use with LaTeX.

See the LaTeX manual or LaTeX Companion for explanation.
Type  H <return>  for immediate help.
 ...                                              
                                                  
l.31 ...OP3/IMAPç­‰é‚®ä»¶åè®®ï¼‰ç»†åŒ–payloadç‰¹
                                                  å¾è¯†åˆ«ã€‚
You may provide a definition with
\DeclareUnicodeCharacter 


/home/10354278/æ–‡æ¡£/Blogs/hbcui.github.io/_posts/2025-07-22/2025-07-22.tex:31: LaTeX Error: Unicode character å¾ (U+5F81)
               not set up for use with LaTeX.

See the LaTeX manual or LaTeX Companion for explanation.
Type  H <return>  for immediate help.
 ...                                              
                                                  
l.31 .../IMAPç­‰é‚®ä»¶åè®®ï¼‰ç»†åŒ–payloadç‰¹å¾
                                                  è¯†åˆ«ã€‚
You may provide a definition with
\DeclareUnicodeCharacter 


/home/10354278/æ–‡æ¡£/Blogs/hbcui.github.io/_posts/2025-07-22/2025-07-22.tex:31: LaTeX Error: Unicode character è¯† (U+8BC6)
               not set up for use with LaTeX.

See the LaTeX manual or LaTeX Companion for explanation.
Type  H <return>  for immediate help.
 ...                                              
                                                  
l.31 ...APç­‰é‚®ä»¶åè®®ï¼‰ç»†åŒ–payloadç‰¹å¾è¯†
                                                  åˆ«ã€‚
You may provide a definition with
\DeclareUnicodeCharacter 


/home/10354278/æ–‡æ¡£/Blogs/hbcui.github.io/_posts/2025-07-22/2025-07-22.tex:31: LaTeX Error: Unicode character åˆ« (U+522B)
               not set up for use with LaTeX.

See the LaTeX manual or LaTeX Companion for explanation.
Type  H <return>  for immediate help.
 ...                                              
                                                  
l.31 ...­‰é‚®ä»¶åè®®ï¼‰ç»†åŒ–payloadç‰¹å¾è¯†åˆ«
                                                  ã€‚
You may provide a definition with
\DeclareUnicodeCharacter 


/home/10354278/æ–‡æ¡£/Blogs/hbcui.github.io/_posts/2025-07-22/2025-07-22.tex:31: LaTeX Error: Unicode character ã€‚ (U+3002)
               not set up for use with LaTeX.

See the LaTeX manual or LaTeX Companion for explanation.
Type  H <return>  for immediate help.
 ...                                              
                                                  
l.31 ...‚®ä»¶åè®®ï¼‰ç»†åŒ–payloadç‰¹å¾è¯†åˆ«ã€‚
                                                  
You may provide a definition with
\DeclareUnicodeCharacter 


/home/10354278/æ–‡æ¡£/Blogs/hbcui.github.io/_posts/2025-07-22/2025-07-22.tex:34: LaTeX Error: Unicode character ç»Ÿ (U+7EDF)
               not set up for use with LaTeX.

See the LaTeX manual or LaTeX Companion for explanation.
Type  H <return>  for immediate help.
 ...                                              
                                                  
l.34 ç»Ÿ
        è®¡æŒ‡æ ‡æ‰©å±•
You may provide a definition with
\DeclareUnicodeCharacter 


/home/10354278/æ–‡æ¡£/Blogs/hbcui.github.io/_posts/2025-07-22/2025-07-22.tex:34: LaTeX Error: Unicode character è®¡ (U+8BA1)
               not set up for use with LaTeX.

See the LaTeX manual or LaTeX Companion for explanation.
Type  H <return>  for immediate help.
 ...                                              
                                                  
l.34 ç»Ÿè®¡
           æŒ‡æ ‡æ‰©å±•
You may provide a definition with
\DeclareUnicodeCharacter 


/home/10354278/æ–‡æ¡£/Blogs/hbcui.github.io/_posts/2025-07-22/2025-07-22.tex:34: LaTeX Error: Unicode character æŒ‡ (U+6307)
               not set up for use with LaTeX.

See the LaTeX manual or LaTeX Companion for explanation.
Type  H <return>  for immediate help.
 ...                                              
                                                  
l.34 ç»Ÿè®¡æŒ‡
              æ ‡æ‰©å±•
You may provide a definition with
\DeclareUnicodeCharacter 


/home/10354278/æ–‡æ¡£/Blogs/hbcui.github.io/_posts/2025-07-22/2025-07-22.tex:34: LaTeX Error: Unicode character æ ‡ (U+6807)
               not set up for use with LaTeX.

See the LaTeX manual or LaTeX Companion for explanation.
Type  H <return>  for immediate help.
 ...                                              
                                                  
l.34 ç»Ÿè®¡æŒ‡æ ‡
                 æ‰©å±•
You may provide a definition with
\DeclareUnicodeCharacter 


/home/10354278/æ–‡æ¡£/Blogs/hbcui.github.io/_posts/2025-07-22/2025-07-22.tex:34: LaTeX Error: Unicode character æ‰© (U+6269)
               not set up for use with LaTeX.

See the LaTeX manual or LaTeX Companion for explanation.
Type  H <return>  for immediate help.
 ...                                              
                                                  
l.34 ç»Ÿè®¡æŒ‡æ ‡æ‰©
                    å±•
You may provide a definition with
\DeclareUnicodeCharacter 


/home/10354278/æ–‡æ¡£/Blogs/hbcui.github.io/_posts/2025-07-22/2025-07-22.tex:34: LaTeX Error: Unicode character å±• (U+5C55)
               not set up for use with LaTeX.

See the LaTeX manual or LaTeX Companion for explanation.
Type  H <return>  for immediate help.
 ...                                              
                                                  
l.34 ç»Ÿè®¡æŒ‡æ ‡æ‰©å±•
                       
You may provide a definition with
\DeclareUnicodeCharacter 


/home/10354278/æ–‡æ¡£/Blogs/hbcui.github.io/_posts/2025-07-22/2025-07-22.tex:36: LaTeX Error: Unicode character ä¼˜ (U+4F18)
               not set up for use with LaTeX.

See the LaTeX manual or LaTeX Companion for explanation.
Type  H <return>  for immediate help.
 ...                                              
                                                  
l.36     \item ä¼˜
                  åŒ–åè®®çš„æµé‡é•¿åº¦ã€åŒ…æ•°ã€ä¼šè¯æ•°ç­‰çš„ç»Ÿè®¡è...
You may provide a definition with
\DeclareUnicodeCharacter 


/home/10354278/æ–‡æ¡£/Blogs/hbcui.github.io/_posts/2025-07-22/2025-07-22.tex:36: LaTeX Error: Unicode character åŒ– (U+5316)
               not set up for use with LaTeX.

See the LaTeX manual or LaTeX Companion for explanation.
Type  H <return>  for immediate help.
 ...                                              
                                                  
l.36     \item ä¼˜åŒ–
                     åè®®çš„æµé‡é•¿åº¦ã€åŒ…æ•°ã€ä¼šè¯æ•°ç­‰çš„ç»Ÿè®¡è...
You may provide a definition with
\DeclareUnicodeCharacter 


/home/10354278/æ–‡æ¡£/Blogs/hbcui.github.io/_posts/2025-07-22/2025-07-22.tex:36: LaTeX Error: Unicode character å (U+534F)
               not set up for use with LaTeX.

See the LaTeX manual or LaTeX Companion for explanation.
Type  H <return>  for immediate help.
 ...                                              
                                                  
l.36     \item ä¼˜åŒ–å
                        è®®çš„æµé‡é•¿åº¦ã€åŒ…æ•°ã€ä¼šè¯æ•°ç­‰çš„ç»Ÿè®¡è...
You may provide a definition with
\DeclareUnicodeCharacter 


/home/10354278/æ–‡æ¡£/Blogs/hbcui.github.io/_posts/2025-07-22/2025-07-22.tex:36: LaTeX Error: Unicode character è®® (U+8BAE)
               not set up for use with LaTeX.

See the LaTeX manual or LaTeX Companion for explanation.
Type  H <return>  for immediate help.
 ...                                              
                                                  
l.36     \item ä¼˜åŒ–åè®®
                           çš„æµé‡é•¿åº¦ã€åŒ…æ•°ã€ä¼šè¯æ•°ç­‰çš„ç»Ÿè®¡è...
You may provide a definition with
\DeclareUnicodeCharacter 


/home/10354278/æ–‡æ¡£/Blogs/hbcui.github.io/_posts/2025-07-22/2025-07-22.tex:36: LaTeX Error: Unicode character çš„ (U+7684)
               not set up for use with LaTeX.

See the LaTeX manual or LaTeX Companion for explanation.
Type  H <return>  for immediate help.
 ...                                              
                                                  
l.36     \item ä¼˜åŒ–åè®®çš„
                              æµé‡é•¿åº¦ã€åŒ…æ•°ã€ä¼šè¯æ•°ç­‰çš„ç»Ÿè®¡è...
You may provide a definition with
\DeclareUnicodeCharacter 


/home/10354278/æ–‡æ¡£/Blogs/hbcui.github.io/_posts/2025-07-22/2025-07-22.tex:36: LaTeX Error: Unicode character æµ (U+6D41)
               not set up for use with LaTeX.

See the LaTeX manual or LaTeX Companion for explanation.
Type  H <return>  for immediate help.
 ...                                              
                                                  
l.36     \item ä¼˜åŒ–åè®®çš„æµ
                                 é‡é•¿åº¦ã€åŒ…æ•°ã€ä¼šè¯æ•°ç­‰çš„ç»Ÿè®¡è...
You may provide a definition with
\DeclareUnicodeCharacter 


/home/10354278/æ–‡æ¡£/Blogs/hbcui.github.io/_posts/2025-07-22/2025-07-22.tex:36: LaTeX Error: Unicode character é‡ (U+91CF)
               not set up for use with LaTeX.

See the LaTeX manual or LaTeX Companion for explanation.
Type  H <return>  for immediate help.
 ...                                              
                                                  
l.36     \item ä¼˜åŒ–åè®®çš„æµé‡
                                    é•¿åº¦ã€åŒ…æ•°ã€ä¼šè¯æ•°ç­‰çš„ç»Ÿè®¡è...
You may provide a definition with
\DeclareUnicodeCharacter 


/home/10354278/æ–‡æ¡£/Blogs/hbcui.github.io/_posts/2025-07-22/2025-07-22.tex:36: LaTeX Error: Unicode character é•¿ (U+957F)
               not set up for use with LaTeX.

See the LaTeX manual or LaTeX Companion for explanation.
Type  H <return>  for immediate help.
 ...                                              
                                                  
l.36     \item ä¼˜åŒ–åè®®çš„æµé‡é•¿
                                       åº¦ã€åŒ…æ•°ã€ä¼šè¯æ•°ç­‰çš„ç»Ÿè®¡è...
You may provide a definition with
\DeclareUnicodeCharacter 


/home/10354278/æ–‡æ¡£/Blogs/hbcui.github.io/_posts/2025-07-22/2025-07-22.tex:36: LaTeX Error: Unicode character åº¦ (U+5EA6)
               not set up for use with LaTeX.

See the LaTeX manual or LaTeX Companion for explanation.
Type  H <return>  for immediate help.
 ...                                              
                                                  
l.36     \item ä¼˜åŒ–åè®®çš„æµé‡é•¿åº¦
                                          ã€åŒ…æ•°ã€ä¼šè¯æ•°ç­‰çš„ç»Ÿè®¡è...
You may provide a definition with
\DeclareUnicodeCharacter 


/home/10354278/æ–‡æ¡£/Blogs/hbcui.github.io/_posts/2025-07-22/2025-07-22.tex:36: LaTeX Error: Unicode character ã€ (U+3001)
               not set up for use with LaTeX.

See the LaTeX manual or LaTeX Companion for explanation.
Type  H <return>  for immediate help.
 ...                                              
                                                  
l.36     \item ä¼˜åŒ–åè®®çš„æµé‡é•¿åº¦ã€
                                             åŒ…æ•°ã€ä¼šè¯æ•°ç­‰çš„ç»Ÿè®¡è...
You may provide a definition with
\DeclareUnicodeCharacter 


/home/10354278/æ–‡æ¡£/Blogs/hbcui.github.io/_posts/2025-07-22/2025-07-22.tex:36: LaTeX Error: Unicode character åŒ… (U+5305)
               not set up for use with LaTeX.

See the LaTeX manual or LaTeX Companion for explanation.
Type  H <return>  for immediate help.
 ...                                              
                                                  
l.36     \item ä¼˜åŒ–åè®®çš„æµé‡é•¿åº¦ã€åŒ…
                                                æ•°ã€ä¼šè¯æ•°ç­‰çš„ç»Ÿè®¡è...
You may provide a definition with
\DeclareUnicodeCharacter 


/home/10354278/æ–‡æ¡£/Blogs/hbcui.github.io/_posts/2025-07-22/2025-07-22.tex:36: LaTeX Error: Unicode character æ•° (U+6570)
               not set up for use with LaTeX.

See the LaTeX manual or LaTeX Companion for explanation.
Type  H <return>  for immediate help.
 ...                                              
                                                  
l.36 ...\item ä¼˜åŒ–åè®®çš„æµé‡é•¿åº¦ã€åŒ…æ•°
                                                  ã€ä¼šè¯æ•°ç­‰çš„ç»Ÿè®¡è¾...
You may provide a definition with
\DeclareUnicodeCharacter 


/home/10354278/æ–‡æ¡£/Blogs/hbcui.github.io/_posts/2025-07-22/2025-07-22.tex:36: LaTeX Error: Unicode character ã€ (U+3001)
               not set up for use with LaTeX.

See the LaTeX manual or LaTeX Companion for explanation.
Type  H <return>  for immediate help.
 ...                                              
                                                  
l.36 ...em ä¼˜åŒ–åè®®çš„æµé‡é•¿åº¦ã€åŒ…æ•°ã€
                                                  ä¼šè¯æ•°ç­‰çš„ç»Ÿè®¡è¾“å‡...
You may provide a definition with
\DeclareUnicodeCharacter 


/home/10354278/æ–‡æ¡£/Blogs/hbcui.github.io/_posts/2025-07-22/2025-07-22.tex:36: LaTeX Error: Unicode character ä¼š (U+4F1A)
               not set up for use with LaTeX.

See the LaTeX manual or LaTeX Companion for explanation.
Type  H <return>  for immediate help.
 ...                                              
                                                  
l.36 ...ä¼˜åŒ–åè®®çš„æµé‡é•¿åº¦ã€åŒ…æ•°ã€ä¼š
                                                  è¯æ•°ç­‰çš„ç»Ÿè®¡è¾“å‡ºæ ...
You may provide a definition with
\DeclareUnicodeCharacter 


/home/10354278/æ–‡æ¡£/Blogs/hbcui.github.io/_posts/2025-07-22/2025-07-22.tex:36: LaTeX Error: Unicode character è¯ (U+8BDD)
               not set up for use with LaTeX.

See the LaTeX manual or LaTeX Companion for explanation.
Type  H <return>  for immediate help.
 ...                                              
                                                  
l.36 ...åŒ–åè®®çš„æµé‡é•¿åº¦ã€åŒ…æ•°ã€ä¼šè¯
                                                  æ•°ç­‰çš„ç»Ÿè®¡è¾“å‡ºæ ¼å¼...
You may provide a definition with
\DeclareUnicodeCharacter 


/home/10354278/æ–‡æ¡£/Blogs/hbcui.github.io/_posts/2025-07-22/2025-07-22.tex:36: LaTeX Error: Unicode character æ•° (U+6570)
               not set up for use with LaTeX.

See the LaTeX manual or LaTeX Companion for explanation.
Type  H <return>  for immediate help.
 ...                                              
                                                  
l.36 ...åè®®çš„æµé‡é•¿åº¦ã€åŒ…æ•°ã€ä¼šè¯æ•°
                                                  ç­‰çš„ç»Ÿè®¡è¾“å‡ºæ ¼å¼ã€‚
You may provide a definition with
\DeclareUnicodeCharacter 


/home/10354278/æ–‡æ¡£/Blogs/hbcui.github.io/_posts/2025-07-22/2025-07-22.tex:36: LaTeX Error: Unicode character ç­‰ (U+7B49)
               not set up for use with LaTeX.

See the LaTeX manual or LaTeX Companion for explanation.
Type  H <return>  for immediate help.
 ...                                              
                                                  
l.36 ...è®®çš„æµé‡é•¿åº¦ã€åŒ…æ•°ã€ä¼šè¯æ•°ç­‰
                                                  çš„ç»Ÿè®¡è¾“å‡ºæ ¼å¼ã€‚
You may provide a definition with
\DeclareUnicodeCharacter 


/home/10354278/æ–‡æ¡£/Blogs/hbcui.github.io/_posts/2025-07-22/2025-07-22.tex:36: LaTeX Error: Unicode character çš„ (U+7684)
               not set up for use with LaTeX.

See the LaTeX manual or LaTeX Companion for explanation.
Type  H <return>  for immediate help.
 ...                                              
                                                  
l.36 ...çš„æµé‡é•¿åº¦ã€åŒ…æ•°ã€ä¼šè¯æ•°ç­‰çš„
                                                  ç»Ÿè®¡è¾“å‡ºæ ¼å¼ã€‚
You may provide a definition with
\DeclareUnicodeCharacter 


/home/10354278/æ–‡æ¡£/Blogs/hbcui.github.io/_posts/2025-07-22/2025-07-22.tex:36: LaTeX Error: Unicode character ç»Ÿ (U+7EDF)
               not set up for use with LaTeX.

See the LaTeX manual or LaTeX Companion for explanation.
Type  H <return>  for immediate help.
 ...                                              
                                                  
l.36 ...æµé‡é•¿åº¦ã€åŒ…æ•°ã€ä¼šè¯æ•°ç­‰çš„ç»Ÿ
                                                  è®¡è¾“å‡ºæ ¼å¼ã€‚
You may provide a definition with
\DeclareUnicodeCharacter 


/home/10354278/æ–‡æ¡£/Blogs/hbcui.github.io/_posts/2025-07-22/2025-07-22.tex:36: LaTeX Error: Unicode character è®¡ (U+8BA1)
               not set up for use with LaTeX.

See the LaTeX manual or LaTeX Companion for explanation.
Type  H <return>  for immediate help.
 ...                                              
                                                  
l.36 ...é‡é•¿åº¦ã€åŒ…æ•°ã€ä¼šè¯æ•°ç­‰çš„ç»Ÿè®¡
                                                  è¾“å‡ºæ ¼å¼ã€‚
You may provide a definition with
\DeclareUnicodeCharacter 


/home/10354278/æ–‡æ¡£/Blogs/hbcui.github.io/_posts/2025-07-22/2025-07-22.tex:36: LaTeX Error: Unicode character è¾“ (U+8F93)
               not set up for use with LaTeX.

See the LaTeX manual or LaTeX Companion for explanation.
Type  H <return>  for immediate help.
 ...                                              
                                                  
l.36 ...é•¿åº¦ã€åŒ…æ•°ã€ä¼šè¯æ•°ç­‰çš„ç»Ÿè®¡è¾“
                                                  å‡ºæ ¼å¼ã€‚
You may provide a definition with
\DeclareUnicodeCharacter 


/home/10354278/æ–‡æ¡£/Blogs/hbcui.github.io/_posts/2025-07-22/2025-07-22.tex:36: LaTeX Error: Unicode character å‡º (U+51FA)
               not set up for use with LaTeX.

See the LaTeX manual or LaTeX Companion for explanation.
Type  H <return>  for immediate help.
 ...                                              
                                                  
l.36 ...åº¦ã€åŒ…æ•°ã€ä¼šè¯æ•°ç­‰çš„ç»Ÿè®¡è¾“å‡º
                                                  æ ¼å¼ã€‚
You may provide a definition with
\DeclareUnicodeCharacter 


/home/10354278/æ–‡æ¡£/Blogs/hbcui.github.io/_posts/2025-07-22/2025-07-22.tex:36: LaTeX Error: Unicode character æ ¼ (U+683C)
               not set up for use with LaTeX.

See the LaTeX manual or LaTeX Companion for explanation.
Type  H <return>  for immediate help.
 ...                                              
                                                  
l.36 ...ã€åŒ…æ•°ã€ä¼šè¯æ•°ç­‰çš„ç»Ÿè®¡è¾“å‡ºæ ¼
                                                  å¼ã€‚
You may provide a definition with
\DeclareUnicodeCharacter 


/home/10354278/æ–‡æ¡£/Blogs/hbcui.github.io/_posts/2025-07-22/2025-07-22.tex:36: LaTeX Error: Unicode character å¼ (U+5F0F)
               not set up for use with LaTeX.

See the LaTeX manual or LaTeX Companion for explanation.
Type  H <return>  for immediate help.
 ...                                              
                                                  
l.36 ...åŒ…æ•°ã€ä¼šè¯æ•°ç­‰çš„ç»Ÿè®¡è¾“å‡ºæ ¼å¼
                                                  ã€‚
You may provide a definition with
\DeclareUnicodeCharacter 


/home/10354278/æ–‡æ¡£/Blogs/hbcui.github.io/_posts/2025-07-22/2025-07-22.tex:36: LaTeX Error: Unicode character ã€‚ (U+3002)
               not set up for use with LaTeX.

See the LaTeX manual or LaTeX Companion for explanation.
Type  H <return>  for immediate help.
 ...                                              
                                                  
l.36 ...æ•°ã€ä¼šè¯æ•°ç­‰çš„ç»Ÿè®¡è¾“å‡ºæ ¼å¼ã€‚
                                                  
You may provide a definition with
\DeclareUnicodeCharacter 



[2] (./2025-07-22.aux)
 ***********
LaTeX2e <2025-06-01> patch level 1
L3 programming layer <2022/08/05>
 ***********
 ) 
Here is how much of TeX's memory you used:
 1913 strings out of 469288
 27194 string characters out of 5467777
 428005 words of memory out of 5000000
 30348 multiletter control sequences out of 15000+600000
 632104 words of font info for 60 fonts, out of 8000000 for 9000
 319 hyphenation exceptions out of 8191
 59i,5n,65p,330b,220s stack positions out of 10000i,1000n,20000p,200000b,200000s
 </home/10354278/.texlive2025/texmf-var/fonts/pk/ljfour/jknappen/ec/tcrm1000.600pk></home/10354278/texlive/2025/texmf-dist/fonts/type1/public/amsfonts/cm/cmr10.pfb></home/10354278/texlive/2025/texmf-dist/fonts/type1/public/amsfonts/cm/cmr12.pfb>
Output written on 2025-07-22.pdf (2 pages, 25076 bytes).
PDF statistics:
 26 PDF objects out of 1000 (max. 8388607)
 16 compressed objects within 1 object stream
 0 named destinations out of 1000 (max. 500000)
 1 words of extra memory for PDF output out of 10000 (max. 10000000)

